c:\users\sbuys\source\repos\consoleapplıcatıon8\consoleapplıcatıon8\debug\consoleapplıcatıon8.pch
c:\users\sbuys\source\repos\consoleapplıcatıon8\consoleapplıcatıon8\debug\vc141.pdb
c:\users\sbuys\source\repos\consoleapplıcatıon8\consoleapplıcatıon8\debug\vc141.ıdb
c:\users\sbuys\source\repos\consoleapplıcatıon8\consoleapplıcatıon8\debug\pch.obj
c:\users\sbuys\source\repos\consoleapplıcatıon8\consoleapplıcatıon8\debug\consoleapplıcatıon8.obj
c:\users\sbuys\source\repos\consoleapplıcatıon8\consoleapplıcatıon8\debug\canavar.obj
c:\users\sbuys\source\repos\consoleapplıcatıon8\consoleapplıcatıon8\debug\ucak.obj
c:\users\sbuys\source\repos\consoleapplıcatıon8\debug\consoleapplıcatıon8.ılk
c:\users\sbuys\source\repos\consoleapplıcatıon8\debug\consoleapplıcatıon8.exe
c:\users\sbuys\source\repos\consoleapplıcatıon8\debug\consoleapplıcatıon8.pdb
c:\users\sbuys\source\repos\consoleapplication8\consoleapplication8\debug\canavar.obj
c:\users\sbuys\source\repos\consoleapplication8\consoleapplication8\debug\consoleapplication8.obj
c:\users\sbuys\source\repos\consoleapplication8\consoleapplication8\debug\pch.obj
c:\users\sbuys\source\repos\consoleapplication8\consoleapplication8\debug\ucak.obj
c:\users\sbuys\source\repos\consoleapplication8\consoleapplication8\debug\consoleapplication8.pch
c:\users\sbuys\source\repos\consoleapplication8\consoleapplication8\debug\vc141.idb
c:\users\sbuys\source\repos\consoleapplication8\consoleapplication8\debug\vc141.pdb
c:\users\sbuys\source\repos\consoleapplication8\debug\consoleapplication8.pdb
c:\users\sbuys\source\repos\consoleapplication8\debug\consoleapplication8.exe
c:\users\sbuys\source\repos\consoleapplication8\debug\consoleapplication8.ilk
c:\users\sbuys\source\repos\consoleapplication8\consoleapplication8\debug\consolea.c3391a86.tlog\cl.command.1.tlog
c:\users\sbuys\source\repos\consoleapplication8\consoleapplication8\debug\consolea.c3391a86.tlog\cl.read.1.tlog
c:\users\sbuys\source\repos\consoleapplication8\consoleapplication8\debug\consolea.c3391a86.tlog\cl.write.1.tlog
c:\users\sbuys\source\repos\consoleapplication8\consoleapplication8\debug\consolea.c3391a86.tlog\link.command.1.tlog
c:\users\sbuys\source\repos\consoleapplication8\consoleapplication8\debug\consolea.c3391a86.tlog\link.read.1.tlog
c:\users\sbuys\source\repos\consoleapplication8\consoleapplication8\debug\consolea.c3391a86.tlog\link.write.1.tlog
